The system is: Windows - 10.0.19042 - AMD64
Compiling the C compiler identification source file "CMakeCCompilerId.c" succeeded.
Compiler: C:/Program Files (x86)/Microsoft Visual Studio/2017/Community/VC/Tools/MSVC/14.16.27023/bin/Hostx86/x86/cl.exe 
Build flags: 
Id flags:  

The output was:
0
Microsoft (R) C/C++-Optimierungscompiler Version 19.16.27043 für x86
Copyright (C) Microsoft Corporation. Alle Rechte vorbehalten.

CMakeCCompilerId.c
Microsoft (R) Incremental Linker Version 14.16.27043.0
Copyright (C) Microsoft Corporation.  All rights reserved.

/out:CMakeCCompilerId.exe 
CMakeCCompilerId.obj 


Compilation of the C compiler identification source "CMakeCCompilerId.c" produced "CMakeCCompilerId.exe"

Compilation of the C compiler identification source "CMakeCCompilerId.c" produced "CMakeCCompilerId.obj"

The C compiler identification is MSVC, found in "C:/Users/xuhu7477/CLionProjects/MapVisualization/cmake-build-debug/CMakeFiles/3.19.2/CompilerIdC/CMakeCCompilerId.exe"

Compiling the CXX compiler identification source file "CMakeCXXCompilerId.cpp" succeeded.
Compiler: C:/Program Files (x86)/Microsoft Visual Studio/2017/Community/VC/Tools/MSVC/14.16.27023/bin/Hostx86/x86/cl.exe 
Build flags: 
Id flags:  

The output was:
0
Microsoft (R) C/C++-Optimierungscompiler Version 19.16.27043 für x86
Copyright (C) Microsoft Corporation. Alle Rechte vorbehalten.

CMakeCXXCompilerId.cpp
Microsoft (R) Incremental Linker Version 14.16.27043.0
Copyright (C) Microsoft Corporation.  All rights reserved.

/out:CMakeCXXCompilerId.exe 
CMakeCXXCompilerId.obj 


Compilation of the CXX compiler identification source "CMakeCXXCompilerId.cpp" produced "CMakeCXXCompilerId.exe"

Compilation of the CXX compiler identification source "CMakeCXXCompilerId.cpp" produced "CMakeCXXCompilerId.obj"

The CXX compiler identification is MSVC, found in "C:/Users/xuhu7477/CLionProjects/MapVisualization/cmake-build-debug/CMakeFiles/3.19.2/CompilerIdCXX/CMakeCXXCompilerId.exe"

Detecting C compiler ABI info compiled with the following output:
Change Dir: C:/Users/xuhu7477/CLionProjects/MapVisualization/cmake-build-debug/CMakeFiles/CMakeTmp

Run Build Command(s):nmake /nologo cmTC_a08ad\fast && 	"C:\Program Files (x86)\Microsoft Visual Studio\2017\Community\VC\Tools\MSVC\14.16.27023\bin\HostX86\x86\nmake.exe"  -f CMakeFiles\cmTC_a08ad.dir\build.make /nologo -L                  CMakeFiles\cmTC_a08ad.dir\build
Building C object CMakeFiles/cmTC_a08ad.dir/CMakeCCompilerABI.c.obj
	C:\PROGRA~2\MIB055~1\2017\COMMUN~1\VC\Tools\MSVC\1416~1.270\bin\Hostx86\x86\cl.exe @C:\Users\xuhu7477\AppData\Local\Temp\nmF682.tmp
CMakeCCompilerABI.c
Linking C executable cmTC_a08ad.exe
	C:\Users\xuhu7477\AppData\Local\JetBrains\Toolbox\apps\CLion\ch-0\211.7142.21\bin\cmake\win\bin\cmake.exe -E vs_link_exe --intdir=CMakeFiles\cmTC_a08ad.dir --rc=C:\PROGRA~2\WI3CF2~1\10\bin\100177~1.0\x86\rc.exe --mt=C:\PROGRA~2\WI3CF2~1\10\bin\100177~1.0\x86\mt.exe --manifests -- C:\PROGRA~2\MIB055~1\2017\COMMUN~1\VC\Tools\MSVC\1416~1.270\bin\Hostx86\x86\link.exe /nologo @CMakeFiles\cmTC_a08ad.dir\objects1.rsp @C:\Users\xuhu7477\AppData\Local\Temp\nmF848.tmp



Detecting CXX compiler ABI info compiled with the following output:
Change Dir: C:/Users/xuhu7477/CLionProjects/MapVisualization/cmake-build-debug/CMakeFiles/CMakeTmp

Run Build Command(s):nmake /nologo cmTC_0b1fd\fast && 	"C:\Program Files (x86)\Microsoft Visual Studio\2017\Community\VC\Tools\MSVC\14.16.27023\bin\HostX86\x86\nmake.exe"  -f CMakeFiles\cmTC_0b1fd.dir\build.make /nologo -L                  CMakeFiles\cmTC_0b1fd.dir\build
Building CXX object CMakeFiles/cmTC_0b1fd.dir/CMakeCXXCompilerABI.cpp.obj
	C:\PROGRA~2\MIB055~1\2017\COMMUN~1\VC\Tools\MSVC\1416~1.270\bin\Hostx86\x86\cl.exe @C:\Users\xuhu7477\AppData\Local\Temp\nmFC9C.tmp
CMakeCXXCompilerABI.cpp
Linking CXX executable cmTC_0b1fd.exe
	C:\Users\xuhu7477\AppData\Local\JetBrains\Toolbox\apps\CLion\ch-0\211.7142.21\bin\cmake\win\bin\cmake.exe -E vs_link_exe --intdir=CMakeFiles\cmTC_0b1fd.dir --rc=C:\PROGRA~2\WI3CF2~1\10\bin\100177~1.0\x86\rc.exe --mt=C:\PROGRA~2\WI3CF2~1\10\bin\100177~1.0\x86\mt.exe --manifests -- C:\PROGRA~2\MIB055~1\2017\COMMUN~1\VC\Tools\MSVC\1416~1.270\bin\Hostx86\x86\link.exe /nologo @CMakeFiles\cmTC_0b1fd.dir\objects1.rsp @C:\Users\xuhu7477\AppData\Local\Temp\nmFCFB.tmp



